<?xml version="1.0" encoding="UTF-8"?>
<!-- Generated by org.testng.reporters.JUnitReportReporter -->
<testsuite hostname="LAPTOP-J5N0LU16" failures="0" tests="1" name="com.qa.fifa.SearchTest" time="5.415" errors="0" timestamp="2022-12-04T11:55:06 EST" skipped="0">
  <testcase classname="com.qa.fifa.SearchTest" name="validateSearch" time="5.415"/>
  <system-out/>
</testsuite> <!-- com.qa.fifa.SearchTest -->
